info it worked if it ends with ok
verbose cli [ 'node', '/usr/local/bin/npm', 'install', 'jshint' ]
info using npm@1.1.21
info using node@v0.6.18
verbose config file /Users/o/.npmrc
verbose config file /usr/local/etc/npmrc
verbose config file /usr/local/lib/node_modules/npm/npmrc
verbose cache add [ 'jshint', null ]
silly cache add: name, spec, args [ undefined, 'jshint', [ 'jshint', null ] ]
verbose parsed url { pathname: 'jshint', path: 'jshint', href: 'jshint' }
verbose addNamed [ 'jshint', '' ]
verbose addNamed [ null, '' ]
silly name, range, hasData [ 'jshint', '', false ]
verbose raw, before any munging jshint
verbose url resolving [ 'https://registry.npmjs.org/', './jshint' ]
verbose url resolved https://registry.npmjs.org/jshint
http GET https://registry.npmjs.org/jshint
ERR! Error: connect ETIMEDOUT
ERR!     at errnoException (net.js:670:11)
ERR!     at Object.afterConnect [as oncomplete] (net.js:661:19)
ERR! You may report this log at:
ERR!     <http://github.com/isaacs/npm/issues>
ERR! or email it to:
ERR!     <npm-@googlegroups.com>
ERR! 
ERR! System Darwin 11.4.0
ERR! command "node" "/usr/local/bin/npm" "install" "jshint"
ERR! cwd /Users/o/.vim/bundle/vundle
ERR! node -v v0.6.18
ERR! npm -v 1.1.21
ERR! syscall connect
ERR! code ETIMEDOUT
ERR! message connect ETIMEDOUT
ERR! errno {}
verbose exit [ 1, true ]
